<?xml version="1.0" encoding="UTF-8"?>
<testsuite name="com.algaworks.algashop.ordering.domain.entity.CustomerTest" tests="32" skipped="0" failures="0" errors="0" timestamp="2026-04-26T21:20:17.280Z" hostname="MacBook-Air-de-Marcelo.local" time="0.065">
  <properties/>
  <testcase name="Should throw exception when changing email to blank" classname="com.algaworks.algashop.ordering.domain.entity.CustomerTest" time="0.032"/>
  <testcase name="Should throw exception when changing email to null" classname="com.algaworks.algashop.ordering.domain.entity.CustomerTest" time="0.001"/>
  <testcase name="Should throw exception when phone is null" classname="com.algaworks.algashop.ordering.domain.entity.CustomerTest" time="0.001"/>
  <testcase name="Should change email" classname="com.algaworks.algashop.ordering.domain.entity.CustomerTest" time="0.002"/>
  <testcase name="Should change phone" classname="com.algaworks.algashop.ordering.domain.entity.CustomerTest" time="0.001"/>
  <testcase name="Should not be equal when different id" classname="com.algaworks.algashop.ordering.domain.entity.CustomerTest" time="0.0"/>
  <testcase name="Should disable promotion notifications" classname="com.algaworks.algashop.ordering.domain.entity.CustomerTest" time="0.001"/>
  <testcase name="Should be equal when same id" classname="com.algaworks.algashop.ordering.domain.entity.CustomerTest" time="0.001"/>
  <testcase name="Should throw exception when full name is null" classname="com.algaworks.algashop.ordering.domain.entity.CustomerTest" time="0.001"/>
  <testcase name="Should throw exception when document is null" classname="com.algaworks.algashop.ordering.domain.entity.CustomerTest" time="0.001"/>
  <testcase name="Should throw exception when changing phone to null" classname="com.algaworks.algashop.ordering.domain.entity.CustomerTest" time="0.001"/>
  <testcase name="Should throw exception when changing name to blank" classname="com.algaworks.algashop.ordering.domain.entity.CustomerTest" time="0.001"/>
  <testcase name="Should override loyalty points when adding" classname="com.algaworks.algashop.ordering.domain.entity.CustomerTest" time="0.001"/>
  <testcase name="Should throw exception when full name is blank" classname="com.algaworks.algashop.ordering.domain.entity.CustomerTest" time="0.0"/>
  <testcase name="Should create customer with full constructor" classname="com.algaworks.algashop.ordering.domain.entity.CustomerTest" time="0.002"/>
  <testcase name="Should throw exception when phone is blank" classname="com.algaworks.algashop.ordering.domain.entity.CustomerTest" time="0.0"/>
  <testcase name="Should archive customer with all required changes" classname="com.algaworks.algashop.ordering.domain.entity.CustomerTest" time="0.002"/>
  <testcase name="Should throw exception when email is invalid" classname="com.algaworks.algashop.ordering.domain.entity.CustomerTest" time="0.001"/>
  <testcase name="Should throw exception when email is blank" classname="com.algaworks.algashop.ordering.domain.entity.CustomerTest" time="0.001"/>
  <testcase name="Should not be equal when different class" classname="com.algaworks.algashop.ordering.domain.entity.CustomerTest" time="0.0"/>
  <testcase name="Should change name" classname="com.algaworks.algashop.ordering.domain.entity.CustomerTest" time="0.001"/>
  <testcase name="Should throw exception when changing name to null" classname="com.algaworks.algashop.ordering.domain.entity.CustomerTest" time="0.001"/>
  <testcase name="Should not be equal when null" classname="com.algaworks.algashop.ordering.domain.entity.CustomerTest" time="0.0"/>
  <testcase name="Should throw exception when changing email to invalid" classname="com.algaworks.algashop.ordering.domain.entity.CustomerTest" time="0.001"/>
  <testcase name="Should add loyalty points" classname="com.algaworks.algashop.ordering.domain.entity.CustomerTest" time="0.0"/>
  <testcase name="Should throw exception when email is null" classname="com.algaworks.algashop.ordering.domain.entity.CustomerTest" time="0.001"/>
  <testcase name="Should throw exception when document is blank" classname="com.algaworks.algashop.ordering.domain.entity.CustomerTest" time="0.0"/>
  <testcase name="Should create customer with simplified constructor" classname="com.algaworks.algashop.ordering.domain.entity.CustomerTest" time="0.0"/>
  <testcase name="Should throw exception when birth date is in the future" classname="com.algaworks.algashop.ordering.domain.entity.CustomerTest" time="0.001"/>
  <testcase name="Should create customer with null birth date" classname="com.algaworks.algashop.ordering.domain.entity.CustomerTest" time="0.0"/>
  <testcase name="Should throw exception when changing phone to blank" classname="com.algaworks.algashop.ordering.domain.entity.CustomerTest" time="0.001"/>
  <testcase name="Should enable promotion notifications" classname="com.algaworks.algashop.ordering.domain.entity.CustomerTest" time="0.0"/>
  <system-out><![CDATA[]]></system-out>
  <system-err><![CDATA[]]></system-err>
</testsuite>
